<?xml version="1.0" encoding="UTF-8"?>
<!-- Generated by org.testng.reporters.JUnitReportReporter -->
<testsuite skipped="0" hostname="DESKTOP-VVQUUJP" name="TestRunner.runner" tests="1" failures="0" timestamp="2020-05-13T15:27:13 IST" time="6.754" errors="0">
  <testcase name="feature" time="6.754" classname="TestRunner.runner"/>
  <system-out/>
</testsuite> <!-- TestRunner.runner -->
